<?xml version="1.0" encoding="UTF-8"?>
<robot generator="Robot 3.2.2 (Python 3.8.3 on win32)" generated="20200915 17:22:29.028" rpa="false">
<suite id="s1" name="DPML-02-2 เลือกหน่วยการวัดขนาดวัตถุ" source="C:\Users\First-AP\Desktop\Homework\4th Year\CSI_project\เอกสารการทดสอบระบบ\Automate_test\DPML-02\DPML-02-2\DPML-02-2_เลือกหน่วยการวัดขนาดวัตถุ.robot">
<test id="s1-t1" name="DPML-02-2-1">
<kw name="GIVEN open web">
<kw name="Open Browser" library="Selenium2Library">
<doc>Opens a new browser instance to the optional ``url``.</doc>
<arguments>
<arg>${dpml_url}</arg>
<arg>chrome</arg>
</arguments>
<msg timestamp="20200915 17:22:29.208" level="INFO">Opening browser 'chrome' to base url 'http://localhost'.</msg>
<status status="PASS" starttime="20200915 17:22:29.207" endtime="20200915 17:22:32.770"></status>
</kw>
<status status="PASS" starttime="20200915 17:22:29.207" endtime="20200915 17:22:32.770"></status>
</kw>
<kw name="WHEN login &quot;admin&quot; &quot;123123&quot;">
<kw name="Input Text" library="Selenium2Library">
<doc>Types the given ``text`` into the text field identified by ``locator``.</doc>
<arguments>
<arg>${input_username}</arg>
<arg>${username}</arg>
</arguments>
<msg timestamp="20200915 17:22:32.774" level="INFO">Typing text 'admin' into text field 'css:#root &gt; div &gt; div &gt; div.card &gt; div &gt; div:nth-child(2) &gt; input'.</msg>
<status status="PASS" starttime="20200915 17:22:32.774" endtime="20200915 17:22:32.866"></status>
</kw>
<kw name="Input Password" library="Selenium2Library">
<doc>Types the given password into the text field identified by ``locator``.</doc>
<arguments>
<arg>${input_password}</arg>
<arg>${password}</arg>
</arguments>
<msg timestamp="20200915 17:22:32.867" level="INFO">Typing password into text field 'css:#root &gt; div &gt; div &gt; div.card &gt; div &gt; div:nth-child(3) &gt; input'.</msg>
<msg timestamp="20200915 17:22:32.904" level="INFO">Temporally setting log level to: NONE</msg>
<msg timestamp="20200915 17:22:32.952" level="INFO">Log level changed from NONE to INFO.</msg>
<status status="PASS" starttime="20200915 17:22:32.867" endtime="20200915 17:22:32.952"></status>
</kw>
<kw name="Click Element" library="Selenium2Library">
<doc>Click the element identified by ``locator``.</doc>
<arguments>
<arg>${login_btn}</arg>
</arguments>
<msg timestamp="20200915 17:22:32.952" level="INFO">Clicking element 'css:#root &gt; div &gt; div &gt; div.card &gt; div &gt; div.row &gt; div &gt; button'.</msg>
<status status="PASS" starttime="20200915 17:22:32.952" endtime="20200915 17:22:32.992"></status>
</kw>
<status status="PASS" starttime="20200915 17:22:32.772" endtime="20200915 17:22:32.993"></status>
</kw>
<kw name="AND The url must be &quot;http://localhost/upload&quot;">
<kw name="Wait Until Location Is" library="Selenium2Library">
<doc>Waits until the current URL is ``expected``.</doc>
<arguments>
<arg>${text}</arg>
<arg>5</arg>
</arguments>
<status status="PASS" starttime="20200915 17:22:32.994" endtime="20200915 17:22:33.207"></status>
</kw>
<status status="PASS" starttime="20200915 17:22:32.993" endtime="20200915 17:22:33.207"></status>
</kw>
<kw name="AND Choose file &quot;C:/Users/First-AP/Desktop/Homework/4th Year/CSI_project/Photo/DPML_test_img/IMG_01.jpg&quot;">
<kw name="Choose File" library="Selenium2Library">
<doc>Inputs the ``file_path`` into the file input field ``locator``.</doc>
<arguments>
<arg>${input_img}</arg>
<arg>${path}</arg>
</arguments>
<msg timestamp="20200915 17:22:33.209" level="INFO">Sending C:\Users\First-AP\Desktop\Homework\4th Year\CSI_project\Photo\DPML_test_img\IMG_01.jpg to browser.</msg>
<status status="PASS" starttime="20200915 17:22:33.208" endtime="20200915 17:22:33.304"></status>
</kw>
<status status="PASS" starttime="20200915 17:22:33.208" endtime="20200915 17:22:33.304"></status>
</kw>
<kw name="AND Select unit &quot;2&quot;">
<kw name="Wait Until Element Is Enabled" library="Selenium2Library">
<doc>Waits until the element ``locator`` is enabled.</doc>
<arguments>
<arg>${dropdown}</arg>
</arguments>
<status status="PASS" starttime="20200915 17:22:33.306" endtime="20200915 17:22:33.362"></status>
</kw>
<kw name="Select From List By Value" library="Selenium2Library">
<doc>Selects options from selection list ``locator`` by ``values``.</doc>
<arguments>
<arg>${dropdown}</arg>
<arg>${value}</arg>
</arguments>
<msg timestamp="20200915 17:22:33.362" level="INFO">Selecting options from selection list 'css:#root &gt; div.content-wrapper &gt; section.content &gt; div &gt; div &gt; div &gt; div.row.d-flex.justify-content-center.align-content-center &gt; div.col-md-3 &gt; select' by value 2.</msg>
<status status="PASS" starttime="20200915 17:22:33.362" endtime="20200915 17:22:33.434"></status>
</kw>
<status status="PASS" starttime="20200915 17:22:33.305" endtime="20200915 17:22:33.434"></status>
</kw>
<kw name="AND Upload should be &quot;enable&quot;">
<kw name="Run Keyword If" library="BuiltIn">
<doc>Runs the given keyword with the given arguments, if ``condition`` is true.</doc>
<arguments>
<arg>'${opt}' == 'enable'</arg>
<arg>Element Should Be Enabled</arg>
<arg>${upload_btn}</arg>
</arguments>
<kw name="Element Should Be Enabled" library="Selenium2Library">
<doc>Verifies that element identified by ``locator`` is enabled.</doc>
<arguments>
<arg>${upload_btn}</arg>
</arguments>
<status status="PASS" starttime="20200915 17:22:33.436" endtime="20200915 17:22:33.466"></status>
</kw>
<status status="PASS" starttime="20200915 17:22:33.435" endtime="20200915 17:22:33.466"></status>
</kw>
<kw name="Run Keyword Unless" library="BuiltIn">
<doc>Runs the given keyword with the given arguments if ``condition`` is false.</doc>
<arguments>
<arg>'${opt}' == 'enable'</arg>
<arg>Element Should Be Disabled</arg>
<arg>${upload_btn}</arg>
</arguments>
<status status="PASS" starttime="20200915 17:22:33.466" endtime="20200915 17:22:33.466"></status>
</kw>
<status status="PASS" starttime="20200915 17:22:33.435" endtime="20200915 17:22:33.466"></status>
</kw>
<kw name="THEN Wait &quot;1&quot;">
<kw name="Sleep" library="BuiltIn">
<doc>Pauses the test executed for the given time.</doc>
<arguments>
<arg>${sec}</arg>
</arguments>
<msg timestamp="20200915 17:22:34.468" level="INFO">Slept 1 second</msg>
<status status="PASS" starttime="20200915 17:22:33.467" endtime="20200915 17:22:34.468"></status>
</kw>
<status status="PASS" starttime="20200915 17:22:33.467" endtime="20200915 17:22:34.468"></status>
</kw>
<kw name="Close Browser" library="Selenium2Library" type="teardown">
<doc>Closes the current browser.</doc>
<status status="PASS" starttime="20200915 17:22:34.469" endtime="20200915 17:22:36.627"></status>
</kw>
<doc>เลือกหน่วยการวัดขนาดวัตถุ</doc>
<tags>
<tag>Positive</tag>
</tags>
<status status="PASS" starttime="20200915 17:22:29.205" endtime="20200915 17:22:36.628" critical="yes"></status>
</test>
<test id="s1-t2" name="DPML-02-2-2">
<kw name="GIVEN open web">
<kw name="Open Browser" library="Selenium2Library">
<doc>Opens a new browser instance to the optional ``url``.</doc>
<arguments>
<arg>${dpml_url}</arg>
<arg>chrome</arg>
</arguments>
<msg timestamp="20200915 17:22:36.635" level="INFO">Opening browser 'chrome' to base url 'http://localhost'.</msg>
<status status="PASS" starttime="20200915 17:22:36.635" endtime="20200915 17:22:40.148"></status>
</kw>
<status status="PASS" starttime="20200915 17:22:36.634" endtime="20200915 17:22:40.148"></status>
</kw>
<kw name="WHEN login &quot;admin&quot; &quot;123123&quot;">
<kw name="Input Text" library="Selenium2Library">
<doc>Types the given ``text`` into the text field identified by ``locator``.</doc>
<arguments>
<arg>${input_username}</arg>
<arg>${username}</arg>
</arguments>
<msg timestamp="20200915 17:22:40.150" level="INFO">Typing text 'admin' into text field 'css:#root &gt; div &gt; div &gt; div.card &gt; div &gt; div:nth-child(2) &gt; input'.</msg>
<status status="PASS" starttime="20200915 17:22:40.149" endtime="20200915 17:22:40.239"></status>
</kw>
<kw name="Input Password" library="Selenium2Library">
<doc>Types the given password into the text field identified by ``locator``.</doc>
<arguments>
<arg>${input_password}</arg>
<arg>${password}</arg>
</arguments>
<msg timestamp="20200915 17:22:40.239" level="INFO">Typing password into text field 'css:#root &gt; div &gt; div &gt; div.card &gt; div &gt; div:nth-child(3) &gt; input'.</msg>
<msg timestamp="20200915 17:22:40.273" level="INFO">Temporally setting log level to: NONE</msg>
<msg timestamp="20200915 17:22:40.310" level="INFO">Log level changed from NONE to INFO.</msg>
<status status="PASS" starttime="20200915 17:22:40.239" endtime="20200915 17:22:40.311"></status>
</kw>
<kw name="Click Element" library="Selenium2Library">
<doc>Click the element identified by ``locator``.</doc>
<arguments>
<arg>${login_btn}</arg>
</arguments>
<msg timestamp="20200915 17:22:40.311" level="INFO">Clicking element 'css:#root &gt; div &gt; div &gt; div.card &gt; div &gt; div.row &gt; div &gt; button'.</msg>
<status status="PASS" starttime="20200915 17:22:40.311" endtime="20200915 17:22:40.350"></status>
</kw>
<status status="PASS" starttime="20200915 17:22:40.149" endtime="20200915 17:22:40.350"></status>
</kw>
<kw name="AND The url must be &quot;http://localhost/upload&quot;">
<kw name="Wait Until Location Is" library="Selenium2Library">
<doc>Waits until the current URL is ``expected``.</doc>
<arguments>
<arg>${text}</arg>
<arg>5</arg>
</arguments>
<status status="PASS" starttime="20200915 17:22:40.351" endtime="20200915 17:22:40.564"></status>
</kw>
<status status="PASS" starttime="20200915 17:22:40.351" endtime="20200915 17:22:40.564"></status>
</kw>
<kw name="AND Choose file &quot;C:/Users/First-AP/Desktop/Homework/4th Year/CSI_project/Photo/DPML_test_img/IMG_01.jpg&quot;">
<kw name="Choose File" library="Selenium2Library">
<doc>Inputs the ``file_path`` into the file input field ``locator``.</doc>
<arguments>
<arg>${input_img}</arg>
<arg>${path}</arg>
</arguments>
<msg timestamp="20200915 17:22:40.566" level="INFO">Sending C:\Users\First-AP\Desktop\Homework\4th Year\CSI_project\Photo\DPML_test_img\IMG_01.jpg to browser.</msg>
<status status="PASS" starttime="20200915 17:22:40.566" endtime="20200915 17:22:40.640"></status>
</kw>
<status status="PASS" starttime="20200915 17:22:40.565" endtime="20200915 17:22:40.641"></status>
</kw>
<kw name="AND Select unit &quot;0&quot;">
<kw name="Wait Until Element Is Enabled" library="Selenium2Library">
<doc>Waits until the element ``locator`` is enabled.</doc>
<arguments>
<arg>${dropdown}</arg>
</arguments>
<status status="PASS" starttime="20200915 17:22:40.642" endtime="20200915 17:22:40.674"></status>
</kw>
<kw name="Select From List By Value" library="Selenium2Library">
<doc>Selects options from selection list ``locator`` by ``values``.</doc>
<arguments>
<arg>${dropdown}</arg>
<arg>${value}</arg>
</arguments>
<msg timestamp="20200915 17:22:40.674" level="INFO">Selecting options from selection list 'css:#root &gt; div.content-wrapper &gt; section.content &gt; div &gt; div &gt; div &gt; div.row.d-flex.justify-content-center.align-content-center &gt; div.col-md-3 &gt; select' by value 0.</msg>
<status status="PASS" starttime="20200915 17:22:40.674" endtime="20200915 17:22:40.711"></status>
</kw>
<status status="PASS" starttime="20200915 17:22:40.641" endtime="20200915 17:22:40.711"></status>
</kw>
<kw name="AND Upload should be &quot;disenabled&quot;">
<kw name="Run Keyword If" library="BuiltIn">
<doc>Runs the given keyword with the given arguments, if ``condition`` is true.</doc>
<arguments>
<arg>'${opt}' == 'enable'</arg>
<arg>Element Should Be Enabled</arg>
<arg>${upload_btn}</arg>
</arguments>
<status status="PASS" starttime="20200915 17:22:40.712" endtime="20200915 17:22:40.712"></status>
</kw>
<kw name="Run Keyword Unless" library="BuiltIn">
<doc>Runs the given keyword with the given arguments if ``condition`` is false.</doc>
<arguments>
<arg>'${opt}' == 'enable'</arg>
<arg>Element Should Be Disabled</arg>
<arg>${upload_btn}</arg>
</arguments>
<kw name="Element Should Be Disabled" library="Selenium2Library">
<doc>Verifies that element identified by ``locator`` is disabled.</doc>
<arguments>
<arg>${upload_btn}</arg>
</arguments>
<status status="PASS" starttime="20200915 17:22:40.713" endtime="20200915 17:22:40.734"></status>
</kw>
<status status="PASS" starttime="20200915 17:22:40.712" endtime="20200915 17:22:40.734"></status>
</kw>
<status status="PASS" starttime="20200915 17:22:40.712" endtime="20200915 17:22:40.734"></status>
</kw>
<kw name="THEN Wait &quot;1&quot;">
<kw name="Sleep" library="BuiltIn">
<doc>Pauses the test executed for the given time.</doc>
<arguments>
<arg>${sec}</arg>
</arguments>
<msg timestamp="20200915 17:22:41.737" level="INFO">Slept 1 second</msg>
<status status="PASS" starttime="20200915 17:22:40.736" endtime="20200915 17:22:41.737"></status>
</kw>
<status status="PASS" starttime="20200915 17:22:40.735" endtime="20200915 17:22:41.737"></status>
</kw>
<kw name="Close Browser" library="Selenium2Library" type="teardown">
<doc>Closes the current browser.</doc>
<status status="PASS" starttime="20200915 17:22:41.738" endtime="20200915 17:22:43.891"></status>
</kw>
<doc>เลือกหน่วยการวัดขนาดวัตถุ</doc>
<tags>
<tag>Negative</tag>
</tags>
<status status="PASS" starttime="20200915 17:22:36.633" endtime="20200915 17:22:43.892" critical="yes"></status>
</test>
<status status="PASS" starttime="20200915 17:22:29.030" endtime="20200915 17:22:43.897"></status>
</suite>
<statistics>
<total>
<stat pass="2" fail="0">Critical Tests</stat>
<stat pass="2" fail="0">All Tests</stat>
</total>
<tag>
<stat pass="1" fail="0">Negative</stat>
<stat pass="1" fail="0">Positive</stat>
</tag>
<suite>
<stat pass="2" fail="0" id="s1" name="DPML-02-2 เลือกหน่วยการวัดขนาดวัตถุ">DPML-02-2 เลือกหน่วยการวัดขนาดวัตถุ</stat>
</suite>
</statistics>
<errors>
</errors>
</robot>
