<?xml version="1.0" encoding="UTF-8"?>
<robot generator="Robot 3.2.2 (Python 3.8.3 on win32)" generated="20200915 16:10:21.012" rpa="false">
<suite id="s1" name="DPML-01-1 กรอกข้อมูลชื่อผู้ใช้งานและรหัสผ่าน" source="C:\Users\First-AP\Desktop\Homework\4th Year\CSI_project\เอกสารการทดสอบระบบ\Automate_test\DPML-01\DPML-01-1\DPML-01-1_กรอกข้อมูลชื่อผู้ใช้งานและรหัสผ่าน.robot">
<test id="s1-t1" name="DPML-01-1-1">
<kw name="GIVEN open web">
<kw name="Open Browser" library="Selenium2Library">
<doc>Opens a new browser instance to the optional ``url``.</doc>
<arguments>
<arg>${dpml_url}</arg>
<arg>chrome</arg>
</arguments>
<msg timestamp="20200915 16:10:21.194" level="INFO">Opening browser 'chrome' to base url 'http://localhost'.</msg>
<status status="PASS" starttime="20200915 16:10:21.193" endtime="20200915 16:10:24.820"></status>
</kw>
<status status="PASS" starttime="20200915 16:10:21.193" endtime="20200915 16:10:24.820"></status>
</kw>
<kw name="WHEN input username and password &quot;admin&quot; &quot;123123&quot;">
<kw name="Input Text" library="Selenium2Library">
<doc>Types the given ``text`` into the text field identified by ``locator``.</doc>
<arguments>
<arg>css:#root &gt; div &gt; div &gt; div.card &gt; div &gt; div:nth-child(2) &gt; input</arg>
<arg>${username}</arg>
</arguments>
<msg timestamp="20200915 16:10:24.823" level="INFO">Typing text 'admin' into text field 'css:#root &gt; div &gt; div &gt; div.card &gt; div &gt; div:nth-child(2) &gt; input'.</msg>
<status status="PASS" starttime="20200915 16:10:24.823" endtime="20200915 16:10:24.909"></status>
</kw>
<kw name="Input Password" library="Selenium2Library">
<doc>Types the given password into the text field identified by ``locator``.</doc>
<arguments>
<arg>css:#root &gt; div &gt; div &gt; div.card &gt; div &gt; div:nth-child(3) &gt; input</arg>
<arg>${password}</arg>
</arguments>
<msg timestamp="20200915 16:10:24.909" level="INFO">Typing password into text field 'css:#root &gt; div &gt; div &gt; div.card &gt; div &gt; div:nth-child(3) &gt; input'.</msg>
<msg timestamp="20200915 16:10:24.945" level="INFO">Temporally setting log level to: NONE</msg>
<msg timestamp="20200915 16:10:24.984" level="INFO">Log level changed from NONE to INFO.</msg>
<status status="PASS" starttime="20200915 16:10:24.909" endtime="20200915 16:10:24.984"></status>
</kw>
<status status="PASS" starttime="20200915 16:10:24.822" endtime="20200915 16:10:24.984"></status>
</kw>
<kw name="AND Click login button">
<kw name="Click Element" library="Selenium2Library">
<doc>Click the element identified by ``locator``.</doc>
<arguments>
<arg>css:#root &gt; div &gt; div &gt; div.card &gt; div &gt; div.row &gt; div &gt; button</arg>
</arguments>
<msg timestamp="20200915 16:10:24.985" level="INFO">Clicking element 'css:#root &gt; div &gt; div &gt; div.card &gt; div &gt; div.row &gt; div &gt; button'.</msg>
<status status="PASS" starttime="20200915 16:10:24.985" endtime="20200915 16:10:25.030"></status>
</kw>
<status status="PASS" starttime="20200915 16:10:24.985" endtime="20200915 16:10:25.031"></status>
</kw>
<kw name="AND The url must be &quot;http://localhost/upload&quot;">
<kw name="Wait Until Location Is" library="Selenium2Library">
<doc>Waits until the current URL is ``expected``.</doc>
<arguments>
<arg>${text}</arg>
<arg>5</arg>
</arguments>
<status status="PASS" starttime="20200915 16:10:25.032" endtime="20200915 16:10:25.261"></status>
</kw>
<status status="PASS" starttime="20200915 16:10:25.031" endtime="20200915 16:10:25.261"></status>
</kw>
<kw name="THEN Wait &quot;1&quot;">
<kw name="Sleep" library="BuiltIn">
<doc>Pauses the test executed for the given time.</doc>
<arguments>
<arg>${sec}</arg>
</arguments>
<msg timestamp="20200915 16:10:26.263" level="INFO">Slept 1 second</msg>
<status status="PASS" starttime="20200915 16:10:25.262" endtime="20200915 16:10:26.263"></status>
</kw>
<status status="PASS" starttime="20200915 16:10:25.262" endtime="20200915 16:10:26.263"></status>
</kw>
<kw name="Close Browser" library="Selenium2Library" type="teardown">
<doc>Closes the current browser.</doc>
<status status="PASS" starttime="20200915 16:10:26.269" endtime="20200915 16:10:28.494"></status>
</kw>
<doc>กรอกข้อมูลชื่อผู้ใช้งานและรหัสผ่านถูกต้อง</doc>
<tags>
<tag>Positive</tag>
</tags>
<status status="PASS" starttime="20200915 16:10:21.192" endtime="20200915 16:10:28.496" critical="yes"></status>
</test>
<test id="s1-t2" name="DPML-01-1-2">
<kw name="GIVEN open web">
<kw name="Open Browser" library="Selenium2Library">
<doc>Opens a new browser instance to the optional ``url``.</doc>
<arguments>
<arg>${dpml_url}</arg>
<arg>chrome</arg>
</arguments>
<msg timestamp="20200915 16:10:28.501" level="INFO">Opening browser 'chrome' to base url 'http://localhost'.</msg>
<status status="PASS" starttime="20200915 16:10:28.500" endtime="20200915 16:10:32.163"></status>
</kw>
<status status="PASS" starttime="20200915 16:10:28.500" endtime="20200915 16:10:32.163"></status>
</kw>
<kw name="WHEN input username and password &quot;admin&quot; &quot;qweasd&quot;">
<kw name="Input Text" library="Selenium2Library">
<doc>Types the given ``text`` into the text field identified by ``locator``.</doc>
<arguments>
<arg>css:#root &gt; div &gt; div &gt; div.card &gt; div &gt; div:nth-child(2) &gt; input</arg>
<arg>${username}</arg>
</arguments>
<msg timestamp="20200915 16:10:32.184" level="INFO">Typing text 'admin' into text field 'css:#root &gt; div &gt; div &gt; div.card &gt; div &gt; div:nth-child(2) &gt; input'.</msg>
<status status="PASS" starttime="20200915 16:10:32.184" endtime="20200915 16:10:32.272"></status>
</kw>
<kw name="Input Password" library="Selenium2Library">
<doc>Types the given password into the text field identified by ``locator``.</doc>
<arguments>
<arg>css:#root &gt; div &gt; div &gt; div.card &gt; div &gt; div:nth-child(3) &gt; input</arg>
<arg>${password}</arg>
</arguments>
<msg timestamp="20200915 16:10:32.272" level="INFO">Typing password into text field 'css:#root &gt; div &gt; div &gt; div.card &gt; div &gt; div:nth-child(3) &gt; input'.</msg>
<msg timestamp="20200915 16:10:32.304" level="INFO">Temporally setting log level to: NONE</msg>
<msg timestamp="20200915 16:10:32.338" level="INFO">Log level changed from NONE to INFO.</msg>
<status status="PASS" starttime="20200915 16:10:32.272" endtime="20200915 16:10:32.338"></status>
</kw>
<status status="PASS" starttime="20200915 16:10:32.184" endtime="20200915 16:10:32.338"></status>
</kw>
<kw name="AND Click login button">
<kw name="Click Element" library="Selenium2Library">
<doc>Click the element identified by ``locator``.</doc>
<arguments>
<arg>css:#root &gt; div &gt; div &gt; div.card &gt; div &gt; div.row &gt; div &gt; button</arg>
</arguments>
<msg timestamp="20200915 16:10:32.339" level="INFO">Clicking element 'css:#root &gt; div &gt; div &gt; div.card &gt; div &gt; div.row &gt; div &gt; button'.</msg>
<status status="PASS" starttime="20200915 16:10:32.339" endtime="20200915 16:10:32.391"></status>
</kw>
<status status="PASS" starttime="20200915 16:10:32.338" endtime="20200915 16:10:32.391"></status>
</kw>
<kw name="AND The alert must say &quot;Wrong username or password.&quot;">
<kw name="Wait Until Page Contains" library="Selenium2Library">
<doc>Waits until ``text`` appears on the current page.</doc>
<arguments>
<arg>${text}</arg>
<arg>5</arg>
</arguments>
<status status="PASS" starttime="20200915 16:10:32.393" endtime="20200915 16:10:32.626"></status>
</kw>
<status status="PASS" starttime="20200915 16:10:32.392" endtime="20200915 16:10:32.626"></status>
</kw>
<kw name="THEN Wait &quot;1&quot;">
<kw name="Sleep" library="BuiltIn">
<doc>Pauses the test executed for the given time.</doc>
<arguments>
<arg>${sec}</arg>
</arguments>
<msg timestamp="20200915 16:10:33.653" level="INFO">Slept 1 second</msg>
<status status="PASS" starttime="20200915 16:10:32.653" endtime="20200915 16:10:33.653"></status>
</kw>
<status status="PASS" starttime="20200915 16:10:32.652" endtime="20200915 16:10:33.653"></status>
</kw>
<kw name="Close Browser" library="Selenium2Library" type="teardown">
<doc>Closes the current browser.</doc>
<status status="PASS" starttime="20200915 16:10:33.655" endtime="20200915 16:10:35.733"></status>
</kw>
<doc>กรอกข้อมูลชื่อผู้ใช้งานหรือรหัสผ่านไม่ถูกต้อง</doc>
<tags>
<tag>Negative</tag>
</tags>
<status status="PASS" starttime="20200915 16:10:28.498" endtime="20200915 16:10:35.734" critical="yes"></status>
</test>
<test id="s1-t3" name="DPML-01-1-3">
<kw name="GIVEN open web">
<kw name="Open Browser" library="Selenium2Library">
<doc>Opens a new browser instance to the optional ``url``.</doc>
<arguments>
<arg>${dpml_url}</arg>
<arg>chrome</arg>
</arguments>
<msg timestamp="20200915 16:10:35.741" level="INFO">Opening browser 'chrome' to base url 'http://localhost'.</msg>
<status status="PASS" starttime="20200915 16:10:35.741" endtime="20200915 16:10:39.232"></status>
</kw>
<status status="PASS" starttime="20200915 16:10:35.741" endtime="20200915 16:10:39.232"></status>
</kw>
<kw name="WHEN input username and password &quot;&quot; &quot;123123&quot;">
<kw name="Input Text" library="Selenium2Library">
<doc>Types the given ``text`` into the text field identified by ``locator``.</doc>
<arguments>
<arg>css:#root &gt; div &gt; div &gt; div.card &gt; div &gt; div:nth-child(2) &gt; input</arg>
<arg>${username}</arg>
</arguments>
<msg timestamp="20200915 16:10:39.235" level="INFO">Typing text '' into text field 'css:#root &gt; div &gt; div &gt; div.card &gt; div &gt; div:nth-child(2) &gt; input'.</msg>
<status status="PASS" starttime="20200915 16:10:39.235" endtime="20200915 16:10:39.325"></status>
</kw>
<kw name="Input Password" library="Selenium2Library">
<doc>Types the given password into the text field identified by ``locator``.</doc>
<arguments>
<arg>css:#root &gt; div &gt; div &gt; div.card &gt; div &gt; div:nth-child(3) &gt; input</arg>
<arg>${password}</arg>
</arguments>
<msg timestamp="20200915 16:10:39.325" level="INFO">Typing password into text field 'css:#root &gt; div &gt; div &gt; div.card &gt; div &gt; div:nth-child(3) &gt; input'.</msg>
<msg timestamp="20200915 16:10:39.359" level="INFO">Temporally setting log level to: NONE</msg>
<msg timestamp="20200915 16:10:39.399" level="INFO">Log level changed from NONE to INFO.</msg>
<status status="PASS" starttime="20200915 16:10:39.325" endtime="20200915 16:10:39.399"></status>
</kw>
<status status="PASS" starttime="20200915 16:10:39.234" endtime="20200915 16:10:39.399"></status>
</kw>
<kw name="AND Click login button">
<kw name="Click Element" library="Selenium2Library">
<doc>Click the element identified by ``locator``.</doc>
<arguments>
<arg>css:#root &gt; div &gt; div &gt; div.card &gt; div &gt; div.row &gt; div &gt; button</arg>
</arguments>
<msg timestamp="20200915 16:10:39.400" level="INFO">Clicking element 'css:#root &gt; div &gt; div &gt; div.card &gt; div &gt; div.row &gt; div &gt; button'.</msg>
<status status="PASS" starttime="20200915 16:10:39.400" endtime="20200915 16:10:39.458"></status>
</kw>
<status status="PASS" starttime="20200915 16:10:39.400" endtime="20200915 16:10:39.458"></status>
</kw>
<kw name="AND The alert must say &quot;Blank username or password&quot;">
<kw name="Wait Until Page Contains" library="Selenium2Library">
<doc>Waits until ``text`` appears on the current page.</doc>
<arguments>
<arg>${text}</arg>
<arg>5</arg>
</arguments>
<status status="PASS" starttime="20200915 16:10:39.459" endtime="20200915 16:10:39.473"></status>
</kw>
<status status="PASS" starttime="20200915 16:10:39.459" endtime="20200915 16:10:39.474"></status>
</kw>
<kw name="THEN Wait &quot;1&quot;">
<kw name="Sleep" library="BuiltIn">
<doc>Pauses the test executed for the given time.</doc>
<arguments>
<arg>${sec}</arg>
</arguments>
<msg timestamp="20200915 16:10:40.475" level="INFO">Slept 1 second</msg>
<status status="PASS" starttime="20200915 16:10:39.475" endtime="20200915 16:10:40.475"></status>
</kw>
<status status="PASS" starttime="20200915 16:10:39.474" endtime="20200915 16:10:40.475"></status>
</kw>
<kw name="Close Browser" library="Selenium2Library" type="teardown">
<doc>Closes the current browser.</doc>
<status status="PASS" starttime="20200915 16:10:40.476" endtime="20200915 16:10:42.566"></status>
</kw>
<doc>ไม่กรอกข้อมูลชื่อผู้ใช้งานและกรอกรหัสผ่าน</doc>
<tags>
<tag>Negative</tag>
</tags>
<status status="PASS" starttime="20200915 16:10:35.739" endtime="20200915 16:10:42.567" critical="yes"></status>
</test>
<test id="s1-t4" name="DPML-01-1-4">
<kw name="GIVEN open web">
<kw name="Open Browser" library="Selenium2Library">
<doc>Opens a new browser instance to the optional ``url``.</doc>
<arguments>
<arg>${dpml_url}</arg>
<arg>chrome</arg>
</arguments>
<msg timestamp="20200915 16:10:42.572" level="INFO">Opening browser 'chrome' to base url 'http://localhost'.</msg>
<status status="PASS" starttime="20200915 16:10:42.571" endtime="20200915 16:10:46.039"></status>
</kw>
<status status="PASS" starttime="20200915 16:10:42.570" endtime="20200915 16:10:46.040"></status>
</kw>
<kw name="WHEN input username and password &quot;admin&quot; &quot;&quot;">
<kw name="Input Text" library="Selenium2Library">
<doc>Types the given ``text`` into the text field identified by ``locator``.</doc>
<arguments>
<arg>css:#root &gt; div &gt; div &gt; div.card &gt; div &gt; div:nth-child(2) &gt; input</arg>
<arg>${username}</arg>
</arguments>
<msg timestamp="20200915 16:10:46.042" level="INFO">Typing text 'admin' into text field 'css:#root &gt; div &gt; div &gt; div.card &gt; div &gt; div:nth-child(2) &gt; input'.</msg>
<status status="PASS" starttime="20200915 16:10:46.041" endtime="20200915 16:10:46.132"></status>
</kw>
<kw name="Input Password" library="Selenium2Library">
<doc>Types the given password into the text field identified by ``locator``.</doc>
<arguments>
<arg>css:#root &gt; div &gt; div &gt; div.card &gt; div &gt; div:nth-child(3) &gt; input</arg>
<arg>${password}</arg>
</arguments>
<msg timestamp="20200915 16:10:46.133" level="INFO">Typing password into text field 'css:#root &gt; div &gt; div &gt; div.card &gt; div &gt; div:nth-child(3) &gt; input'.</msg>
<msg timestamp="20200915 16:10:46.166" level="INFO">Temporally setting log level to: NONE</msg>
<msg timestamp="20200915 16:10:46.195" level="INFO">Log level changed from NONE to INFO.</msg>
<status status="PASS" starttime="20200915 16:10:46.133" endtime="20200915 16:10:46.195"></status>
</kw>
<status status="PASS" starttime="20200915 16:10:46.041" endtime="20200915 16:10:46.196"></status>
</kw>
<kw name="AND Click login button">
<kw name="Click Element" library="Selenium2Library">
<doc>Click the element identified by ``locator``.</doc>
<arguments>
<arg>css:#root &gt; div &gt; div &gt; div.card &gt; div &gt; div.row &gt; div &gt; button</arg>
</arguments>
<msg timestamp="20200915 16:10:46.197" level="INFO">Clicking element 'css:#root &gt; div &gt; div &gt; div.card &gt; div &gt; div.row &gt; div &gt; button'.</msg>
<status status="PASS" starttime="20200915 16:10:46.197" endtime="20200915 16:10:46.252"></status>
</kw>
<status status="PASS" starttime="20200915 16:10:46.196" endtime="20200915 16:10:46.252"></status>
</kw>
<kw name="AND The alert must say &quot;Blank username or password&quot;">
<kw name="Wait Until Page Contains" library="Selenium2Library">
<doc>Waits until ``text`` appears on the current page.</doc>
<arguments>
<arg>${text}</arg>
<arg>5</arg>
</arguments>
<status status="PASS" starttime="20200915 16:10:46.253" endtime="20200915 16:10:46.267"></status>
</kw>
<status status="PASS" starttime="20200915 16:10:46.253" endtime="20200915 16:10:46.267"></status>
</kw>
<kw name="THEN Wait &quot;1&quot;">
<kw name="Sleep" library="BuiltIn">
<doc>Pauses the test executed for the given time.</doc>
<arguments>
<arg>${sec}</arg>
</arguments>
<msg timestamp="20200915 16:10:47.273" level="INFO">Slept 1 second</msg>
<status status="PASS" starttime="20200915 16:10:46.270" endtime="20200915 16:10:47.273"></status>
</kw>
<status status="PASS" starttime="20200915 16:10:46.268" endtime="20200915 16:10:47.273"></status>
</kw>
<kw name="Close Browser" library="Selenium2Library" type="teardown">
<doc>Closes the current browser.</doc>
<status status="PASS" starttime="20200915 16:10:47.273" endtime="20200915 16:10:49.348"></status>
</kw>
<doc>กรอกข้อมูลชื่อผู้ใช้งานและไม่กรอกรหัสผ่าน</doc>
<tags>
<tag>Negative</tag>
</tags>
<status status="PASS" starttime="20200915 16:10:42.568" endtime="20200915 16:10:49.349" critical="yes"></status>
</test>
<test id="s1-t5" name="DPML-01-1-5">
<kw name="GIVEN open web">
<kw name="Open Browser" library="Selenium2Library">
<doc>Opens a new browser instance to the optional ``url``.</doc>
<arguments>
<arg>${dpml_url}</arg>
<arg>chrome</arg>
</arguments>
<msg timestamp="20200915 16:10:49.357" level="INFO">Opening browser 'chrome' to base url 'http://localhost'.</msg>
<status status="PASS" starttime="20200915 16:10:49.357" endtime="20200915 16:10:52.834"></status>
</kw>
<status status="PASS" starttime="20200915 16:10:49.357" endtime="20200915 16:10:52.834"></status>
</kw>
<kw name="WHEN input username and password &quot;&quot; &quot;&quot;">
<kw name="Input Text" library="Selenium2Library">
<doc>Types the given ``text`` into the text field identified by ``locator``.</doc>
<arguments>
<arg>css:#root &gt; div &gt; div &gt; div.card &gt; div &gt; div:nth-child(2) &gt; input</arg>
<arg>${username}</arg>
</arguments>
<msg timestamp="20200915 16:10:52.837" level="INFO">Typing text '' into text field 'css:#root &gt; div &gt; div &gt; div.card &gt; div &gt; div:nth-child(2) &gt; input'.</msg>
<status status="PASS" starttime="20200915 16:10:52.836" endtime="20200915 16:10:52.919"></status>
</kw>
<kw name="Input Password" library="Selenium2Library">
<doc>Types the given password into the text field identified by ``locator``.</doc>
<arguments>
<arg>css:#root &gt; div &gt; div &gt; div.card &gt; div &gt; div:nth-child(3) &gt; input</arg>
<arg>${password}</arg>
</arguments>
<msg timestamp="20200915 16:10:52.919" level="INFO">Typing password into text field 'css:#root &gt; div &gt; div &gt; div.card &gt; div &gt; div:nth-child(3) &gt; input'.</msg>
<msg timestamp="20200915 16:10:52.955" level="INFO">Temporally setting log level to: NONE</msg>
<msg timestamp="20200915 16:10:52.984" level="INFO">Log level changed from NONE to INFO.</msg>
<status status="PASS" starttime="20200915 16:10:52.919" endtime="20200915 16:10:52.985"></status>
</kw>
<status status="PASS" starttime="20200915 16:10:52.836" endtime="20200915 16:10:52.985"></status>
</kw>
<kw name="AND Click login button">
<kw name="Click Element" library="Selenium2Library">
<doc>Click the element identified by ``locator``.</doc>
<arguments>
<arg>css:#root &gt; div &gt; div &gt; div.card &gt; div &gt; div.row &gt; div &gt; button</arg>
</arguments>
<msg timestamp="20200915 16:10:52.986" level="INFO">Clicking element 'css:#root &gt; div &gt; div &gt; div.card &gt; div &gt; div.row &gt; div &gt; button'.</msg>
<status status="PASS" starttime="20200915 16:10:52.986" endtime="20200915 16:10:53.038"></status>
</kw>
<status status="PASS" starttime="20200915 16:10:52.986" endtime="20200915 16:10:53.038"></status>
</kw>
<kw name="AND The alert must say &quot;Blank username or password&quot;">
<kw name="Wait Until Page Contains" library="Selenium2Library">
<doc>Waits until ``text`` appears on the current page.</doc>
<arguments>
<arg>${text}</arg>
<arg>5</arg>
</arguments>
<status status="PASS" starttime="20200915 16:10:53.039" endtime="20200915 16:10:53.050"></status>
</kw>
<status status="PASS" starttime="20200915 16:10:53.039" endtime="20200915 16:10:53.051"></status>
</kw>
<kw name="THEN Wait &quot;1&quot;">
<kw name="Sleep" library="BuiltIn">
<doc>Pauses the test executed for the given time.</doc>
<arguments>
<arg>${sec}</arg>
</arguments>
<msg timestamp="20200915 16:10:54.054" level="INFO">Slept 1 second</msg>
<status status="PASS" starttime="20200915 16:10:53.053" endtime="20200915 16:10:54.054"></status>
</kw>
<status status="PASS" starttime="20200915 16:10:53.052" endtime="20200915 16:10:54.054"></status>
</kw>
<kw name="Close Browser" library="Selenium2Library" type="teardown">
<doc>Closes the current browser.</doc>
<status status="PASS" starttime="20200915 16:10:54.055" endtime="20200915 16:10:56.147"></status>
</kw>
<doc>ไม่กรอกข้อมูลชื่อผู้ใช้งานและไม่กรอกรหัสผ่าน</doc>
<tags>
<tag>Negative</tag>
</tags>
<status status="PASS" starttime="20200915 16:10:49.355" endtime="20200915 16:10:56.147" critical="yes"></status>
</test>
<status status="PASS" starttime="20200915 16:10:21.014" endtime="20200915 16:10:56.153"></status>
</suite>
<statistics>
<total>
<stat pass="5" fail="0">Critical Tests</stat>
<stat pass="5" fail="0">All Tests</stat>
</total>
<tag>
<stat pass="4" fail="0">Negative</stat>
<stat pass="1" fail="0">Positive</stat>
</tag>
<suite>
<stat pass="5" fail="0" id="s1" name="DPML-01-1 กรอกข้อมูลชื่อผู้ใช้งานและรหัสผ่าน">DPML-01-1 กรอกข้อมูลชื่อผู้ใช้งานและรหัสผ่าน</stat>
</suite>
</statistics>
<errors>
</errors>
</robot>
