<?xml version="1.0" encoding="UTF-8"?>
<robot generator="Robot 3.2.2 (Python 3.8.3 on win32)" generated="20200915 17:05:23.303" rpa="false">
<suite id="s1" name="DPML-05-2 เลือกประเภทการแสดงผลแบบตามผู้กระทำต่อระบบ" source="C:\Users\First-AP\Desktop\Homework\4th Year\CSI_project\เอกสารการทดสอบระบบ\Automate_test\DPML-05\DPML-05-2\DPML-05-2_เลือกประเภทการแสดงผลแบบตามผู้กระทำต่อระบบ.robot">
<test id="s1-t1" name="DPML-05-2-1">
<kw name="GIVEN open web">
<kw name="Open Browser" library="Selenium2Library">
<doc>Opens a new browser instance to the optional ``url``.</doc>
<arguments>
<arg>${dpml_url}</arg>
<arg>chrome</arg>
</arguments>
<msg timestamp="20200915 17:05:23.483" level="INFO">Opening browser 'chrome' to base url 'http://localhost'.</msg>
<status status="PASS" starttime="20200915 17:05:23.483" endtime="20200915 17:05:27.026"></status>
</kw>
<status status="PASS" starttime="20200915 17:05:23.483" endtime="20200915 17:05:27.026"></status>
</kw>
<kw name="WHEN login &quot;admin&quot; &quot;123123&quot;">
<kw name="Input Text" library="Selenium2Library">
<doc>Types the given ``text`` into the text field identified by ``locator``.</doc>
<arguments>
<arg>${input_username}</arg>
<arg>${username}</arg>
</arguments>
<msg timestamp="20200915 17:05:27.029" level="INFO">Typing text 'admin' into text field 'css:#root &gt; div &gt; div &gt; div.card &gt; div &gt; div:nth-child(2) &gt; input'.</msg>
<status status="PASS" starttime="20200915 17:05:27.028" endtime="20200915 17:05:27.115"></status>
</kw>
<kw name="Input Password" library="Selenium2Library">
<doc>Types the given password into the text field identified by ``locator``.</doc>
<arguments>
<arg>${input_password}</arg>
<arg>${password}</arg>
</arguments>
<msg timestamp="20200915 17:05:27.116" level="INFO">Typing password into text field 'css:#root &gt; div &gt; div &gt; div.card &gt; div &gt; div:nth-child(3) &gt; input'.</msg>
<msg timestamp="20200915 17:05:27.152" level="INFO">Temporally setting log level to: NONE</msg>
<msg timestamp="20200915 17:05:27.191" level="INFO">Log level changed from NONE to INFO.</msg>
<status status="PASS" starttime="20200915 17:05:27.115" endtime="20200915 17:05:27.191"></status>
</kw>
<kw name="Click Element" library="Selenium2Library">
<doc>Click the element identified by ``locator``.</doc>
<arguments>
<arg>${login_btn}</arg>
</arguments>
<msg timestamp="20200915 17:05:27.191" level="INFO">Clicking element 'css:#root &gt; div &gt; div &gt; div.card &gt; div &gt; div.row &gt; div &gt; button'.</msg>
<status status="PASS" starttime="20200915 17:05:27.191" endtime="20200915 17:05:27.233"></status>
</kw>
<status status="PASS" starttime="20200915 17:05:27.027" endtime="20200915 17:05:27.233"></status>
</kw>
<kw name="AND The url must be &quot;http://localhost/upload&quot;">
<kw name="Wait Until Location Is" library="Selenium2Library">
<doc>Waits until the current URL is ``expected``.</doc>
<arguments>
<arg>${text}</arg>
<arg>5</arg>
</arguments>
<status status="PASS" starttime="20200915 17:05:27.235" endtime="20200915 17:05:27.449"></status>
</kw>
<status status="PASS" starttime="20200915 17:05:27.235" endtime="20200915 17:05:27.449"></status>
</kw>
<kw name="AND Select menu">
<kw name="Execute Javascript" library="Selenium2Library">
<doc>Executes the given JavaScript code with possible arguments.</doc>
<arguments>
<arg>window.location.replace("/log")</arg>
</arguments>
<msg timestamp="20200915 17:05:27.451" level="INFO">Executing JavaScript:
window.location.replace("/log")
Without any arguments.</msg>
<status status="PASS" starttime="20200915 17:05:27.451" endtime="20200915 17:05:27.578"></status>
</kw>
<status status="PASS" starttime="20200915 17:05:27.450" endtime="20200915 17:05:27.578"></status>
</kw>
<kw name="AND The url must be &quot;http://localhost/log&quot;">
<kw name="Wait Until Location Is" library="Selenium2Library">
<doc>Waits until the current URL is ``expected``.</doc>
<arguments>
<arg>${text}</arg>
<arg>5</arg>
</arguments>
<status status="PASS" starttime="20200915 17:05:27.579" endtime="20200915 17:05:27.585"></status>
</kw>
<status status="PASS" starttime="20200915 17:05:27.579" endtime="20200915 17:05:27.585"></status>
</kw>
<kw name="AND Wait &quot;1&quot;">
<kw name="Sleep" library="BuiltIn">
<doc>Pauses the test executed for the given time.</doc>
<arguments>
<arg>${sec}</arg>
</arguments>
<msg timestamp="20200915 17:05:28.586" level="INFO">Slept 1 second</msg>
<status status="PASS" starttime="20200915 17:05:27.586" endtime="20200915 17:05:28.586"></status>
</kw>
<status status="PASS" starttime="20200915 17:05:27.586" endtime="20200915 17:05:28.586"></status>
</kw>
<kw name="AND Click radio type &quot;all&quot;">
<kw name="Run Keyword If" library="BuiltIn">
<doc>Runs the given keyword with the given arguments, if ``condition`` is true.</doc>
<arguments>
<arg>'${opt}' == 'all'</arg>
<arg>Click Element</arg>
<arg>${all_radio}</arg>
</arguments>
<kw name="Click Element" library="Selenium2Library">
<doc>Click the element identified by ``locator``.</doc>
<arguments>
<arg>${all_radio}</arg>
</arguments>
<msg timestamp="20200915 17:05:28.588" level="INFO">Clicking element 'css:#root &gt; div.content-wrapper.h-100 &gt; section.content &gt; div &gt; div.card.card-primary &gt; div.card-body.pb-0 &gt; form &gt; div &gt; div:nth-child(2) &gt; div &gt; div &gt; div:nth-child(1) &gt; label'.</msg>
<status status="PASS" starttime="20200915 17:05:28.588" endtime="20200915 17:05:28.678"></status>
</kw>
<status status="PASS" starttime="20200915 17:05:28.587" endtime="20200915 17:05:28.678"></status>
</kw>
<kw name="Run Keyword If" library="BuiltIn">
<doc>Runs the given keyword with the given arguments, if ``condition`` is true.</doc>
<arguments>
<arg>'${opt}' == 'user'</arg>
<arg>Click Element</arg>
<arg>${user_radio}</arg>
</arguments>
<status status="PASS" starttime="20200915 17:05:28.679" endtime="20200915 17:05:28.679"></status>
</kw>
<kw name="Run Keyword If" library="BuiltIn">
<doc>Runs the given keyword with the given arguments, if ``condition`` is true.</doc>
<arguments>
<arg>'${opt}' == 'system'</arg>
<arg>Click Element</arg>
<arg>${system_radio}</arg>
</arguments>
<status status="PASS" starttime="20200915 17:05:28.679" endtime="20200915 17:05:28.680"></status>
</kw>
<status status="PASS" starttime="20200915 17:05:28.587" endtime="20200915 17:05:28.680"></status>
</kw>
<kw name="THEN The alert must say &quot;Get logs successfully.&quot;">
<kw name="Wait Until Page Contains" library="Selenium2Library">
<doc>Waits until ``text`` appears on the current page.</doc>
<arguments>
<arg>${text}</arg>
<arg>5</arg>
</arguments>
<status status="PASS" starttime="20200915 17:05:28.681" endtime="20200915 17:05:28.727"></status>
</kw>
<status status="PASS" starttime="20200915 17:05:28.681" endtime="20200915 17:05:28.727"></status>
</kw>
<kw name="AND Wait &quot;1&quot;">
<kw name="Sleep" library="BuiltIn">
<doc>Pauses the test executed for the given time.</doc>
<arguments>
<arg>${sec}</arg>
</arguments>
<msg timestamp="20200915 17:05:29.730" level="INFO">Slept 1 second</msg>
<status status="PASS" starttime="20200915 17:05:28.729" endtime="20200915 17:05:29.730"></status>
</kw>
<status status="PASS" starttime="20200915 17:05:28.729" endtime="20200915 17:05:29.730"></status>
</kw>
<kw name="Close Browser" library="Selenium2Library" type="teardown">
<doc>Closes the current browser.</doc>
<status status="PASS" starttime="20200915 17:05:29.731" endtime="20200915 17:05:31.852"></status>
</kw>
<doc>เลือกประเภทการแสดงผลแบบผู้กระทำต่อระบบทั้งหมด</doc>
<tags>
<tag>Positive</tag>
</tags>
<status status="PASS" starttime="20200915 17:05:23.481" endtime="20200915 17:05:31.853" critical="yes"></status>
</test>
<test id="s1-t2" name="DPML-05-2-2">
<kw name="GIVEN open web">
<kw name="Open Browser" library="Selenium2Library">
<doc>Opens a new browser instance to the optional ``url``.</doc>
<arguments>
<arg>${dpml_url}</arg>
<arg>chrome</arg>
</arguments>
<msg timestamp="20200915 17:05:31.857" level="INFO">Opening browser 'chrome' to base url 'http://localhost'.</msg>
<status status="PASS" starttime="20200915 17:05:31.857" endtime="20200915 17:05:35.343"></status>
</kw>
<status status="PASS" starttime="20200915 17:05:31.856" endtime="20200915 17:05:35.344"></status>
</kw>
<kw name="WHEN login &quot;admin&quot; &quot;123123&quot;">
<kw name="Input Text" library="Selenium2Library">
<doc>Types the given ``text`` into the text field identified by ``locator``.</doc>
<arguments>
<arg>${input_username}</arg>
<arg>${username}</arg>
</arguments>
<msg timestamp="20200915 17:05:35.346" level="INFO">Typing text 'admin' into text field 'css:#root &gt; div &gt; div &gt; div.card &gt; div &gt; div:nth-child(2) &gt; input'.</msg>
<status status="PASS" starttime="20200915 17:05:35.345" endtime="20200915 17:05:35.437"></status>
</kw>
<kw name="Input Password" library="Selenium2Library">
<doc>Types the given password into the text field identified by ``locator``.</doc>
<arguments>
<arg>${input_password}</arg>
<arg>${password}</arg>
</arguments>
<msg timestamp="20200915 17:05:35.438" level="INFO">Typing password into text field 'css:#root &gt; div &gt; div &gt; div.card &gt; div &gt; div:nth-child(3) &gt; input'.</msg>
<msg timestamp="20200915 17:05:35.472" level="INFO">Temporally setting log level to: NONE</msg>
<msg timestamp="20200915 17:05:35.511" level="INFO">Log level changed from NONE to INFO.</msg>
<status status="PASS" starttime="20200915 17:05:35.437" endtime="20200915 17:05:35.511"></status>
</kw>
<kw name="Click Element" library="Selenium2Library">
<doc>Click the element identified by ``locator``.</doc>
<arguments>
<arg>${login_btn}</arg>
</arguments>
<msg timestamp="20200915 17:05:35.512" level="INFO">Clicking element 'css:#root &gt; div &gt; div &gt; div.card &gt; div &gt; div.row &gt; div &gt; button'.</msg>
<status status="PASS" starttime="20200915 17:05:35.512" endtime="20200915 17:05:35.557"></status>
</kw>
<status status="PASS" starttime="20200915 17:05:35.345" endtime="20200915 17:05:35.557"></status>
</kw>
<kw name="AND The url must be &quot;http://localhost/upload&quot;">
<kw name="Wait Until Location Is" library="Selenium2Library">
<doc>Waits until the current URL is ``expected``.</doc>
<arguments>
<arg>${text}</arg>
<arg>5</arg>
</arguments>
<status status="PASS" starttime="20200915 17:05:35.559" endtime="20200915 17:05:35.774"></status>
</kw>
<status status="PASS" starttime="20200915 17:05:35.558" endtime="20200915 17:05:35.774"></status>
</kw>
<kw name="AND Select menu">
<kw name="Execute Javascript" library="Selenium2Library">
<doc>Executes the given JavaScript code with possible arguments.</doc>
<arguments>
<arg>window.location.replace("/log")</arg>
</arguments>
<msg timestamp="20200915 17:05:35.775" level="INFO">Executing JavaScript:
window.location.replace("/log")
Without any arguments.</msg>
<status status="PASS" starttime="20200915 17:05:35.775" endtime="20200915 17:05:35.891"></status>
</kw>
<status status="PASS" starttime="20200915 17:05:35.775" endtime="20200915 17:05:35.892"></status>
</kw>
<kw name="AND The url must be &quot;http://localhost/log&quot;">
<kw name="Wait Until Location Is" library="Selenium2Library">
<doc>Waits until the current URL is ``expected``.</doc>
<arguments>
<arg>${text}</arg>
<arg>5</arg>
</arguments>
<status status="PASS" starttime="20200915 17:05:35.893" endtime="20200915 17:05:35.909"></status>
</kw>
<status status="PASS" starttime="20200915 17:05:35.893" endtime="20200915 17:05:35.909"></status>
</kw>
<kw name="AND Wait &quot;1&quot;">
<kw name="Sleep" library="BuiltIn">
<doc>Pauses the test executed for the given time.</doc>
<arguments>
<arg>${sec}</arg>
</arguments>
<msg timestamp="20200915 17:05:36.912" level="INFO">Slept 1 second</msg>
<status status="PASS" starttime="20200915 17:05:35.911" endtime="20200915 17:05:36.912"></status>
</kw>
<status status="PASS" starttime="20200915 17:05:35.910" endtime="20200915 17:05:36.912"></status>
</kw>
<kw name="AND Click radio type &quot;system&quot;">
<kw name="Run Keyword If" library="BuiltIn">
<doc>Runs the given keyword with the given arguments, if ``condition`` is true.</doc>
<arguments>
<arg>'${opt}' == 'all'</arg>
<arg>Click Element</arg>
<arg>${all_radio}</arg>
</arguments>
<status status="PASS" starttime="20200915 17:05:36.913" endtime="20200915 17:05:36.913"></status>
</kw>
<kw name="Run Keyword If" library="BuiltIn">
<doc>Runs the given keyword with the given arguments, if ``condition`` is true.</doc>
<arguments>
<arg>'${opt}' == 'user'</arg>
<arg>Click Element</arg>
<arg>${user_radio}</arg>
</arguments>
<status status="PASS" starttime="20200915 17:05:36.913" endtime="20200915 17:05:36.914"></status>
</kw>
<kw name="Run Keyword If" library="BuiltIn">
<doc>Runs the given keyword with the given arguments, if ``condition`` is true.</doc>
<arguments>
<arg>'${opt}' == 'system'</arg>
<arg>Click Element</arg>
<arg>${system_radio}</arg>
</arguments>
<kw name="Click Element" library="Selenium2Library">
<doc>Click the element identified by ``locator``.</doc>
<arguments>
<arg>${system_radio}</arg>
</arguments>
<msg timestamp="20200915 17:05:36.914" level="INFO">Clicking element 'css:#root &gt; div.content-wrapper.h-100 &gt; section.content &gt; div &gt; div.card.card-primary &gt; div.card-body.pb-0 &gt; form &gt; div &gt; div:nth-child(2) &gt; div &gt; div &gt; div:nth-child(3) &gt; label'.</msg>
<status status="PASS" starttime="20200915 17:05:36.914" endtime="20200915 17:05:36.987"></status>
</kw>
<status status="PASS" starttime="20200915 17:05:36.914" endtime="20200915 17:05:36.988"></status>
</kw>
<status status="PASS" starttime="20200915 17:05:36.913" endtime="20200915 17:05:36.988"></status>
</kw>
<kw name="THEN The alert must say &quot;Get logs successfully.&quot;">
<kw name="Wait Until Page Contains" library="Selenium2Library">
<doc>Waits until ``text`` appears on the current page.</doc>
<arguments>
<arg>${text}</arg>
<arg>5</arg>
</arguments>
<status status="PASS" starttime="20200915 17:05:36.989" endtime="20200915 17:05:37.037"></status>
</kw>
<status status="PASS" starttime="20200915 17:05:36.989" endtime="20200915 17:05:37.037"></status>
</kw>
<kw name="AND Wait &quot;1&quot;">
<kw name="Sleep" library="BuiltIn">
<doc>Pauses the test executed for the given time.</doc>
<arguments>
<arg>${sec}</arg>
</arguments>
<msg timestamp="20200915 17:05:38.039" level="INFO">Slept 1 second</msg>
<status status="PASS" starttime="20200915 17:05:37.039" endtime="20200915 17:05:38.039"></status>
</kw>
<status status="PASS" starttime="20200915 17:05:37.038" endtime="20200915 17:05:38.039"></status>
</kw>
<kw name="Close Browser" library="Selenium2Library" type="teardown">
<doc>Closes the current browser.</doc>
<status status="PASS" starttime="20200915 17:05:38.040" endtime="20200915 17:05:40.178"></status>
</kw>
<doc>เลือกประเภทการแสดงผลแบบเฉพาะการกระทำของระบบ</doc>
<tags>
<tag>Positive</tag>
</tags>
<status status="PASS" starttime="20200915 17:05:31.854" endtime="20200915 17:05:40.179" critical="yes"></status>
</test>
<test id="s1-t3" name="DPML-05-2-3">
<kw name="GIVEN open web">
<kw name="Open Browser" library="Selenium2Library">
<doc>Opens a new browser instance to the optional ``url``.</doc>
<arguments>
<arg>${dpml_url}</arg>
<arg>chrome</arg>
</arguments>
<msg timestamp="20200915 17:05:40.188" level="INFO">Opening browser 'chrome' to base url 'http://localhost'.</msg>
<status status="PASS" starttime="20200915 17:05:40.188" endtime="20200915 17:05:43.679"></status>
</kw>
<status status="PASS" starttime="20200915 17:05:40.187" endtime="20200915 17:05:43.679"></status>
</kw>
<kw name="WHEN login &quot;admin&quot; &quot;123123&quot;">
<kw name="Input Text" library="Selenium2Library">
<doc>Types the given ``text`` into the text field identified by ``locator``.</doc>
<arguments>
<arg>${input_username}</arg>
<arg>${username}</arg>
</arguments>
<msg timestamp="20200915 17:05:43.682" level="INFO">Typing text 'admin' into text field 'css:#root &gt; div &gt; div &gt; div.card &gt; div &gt; div:nth-child(2) &gt; input'.</msg>
<status status="PASS" starttime="20200915 17:05:43.681" endtime="20200915 17:05:43.765"></status>
</kw>
<kw name="Input Password" library="Selenium2Library">
<doc>Types the given password into the text field identified by ``locator``.</doc>
<arguments>
<arg>${input_password}</arg>
<arg>${password}</arg>
</arguments>
<msg timestamp="20200915 17:05:43.766" level="INFO">Typing password into text field 'css:#root &gt; div &gt; div &gt; div.card &gt; div &gt; div:nth-child(3) &gt; input'.</msg>
<msg timestamp="20200915 17:05:43.799" level="INFO">Temporally setting log level to: NONE</msg>
<msg timestamp="20200915 17:05:43.836" level="INFO">Log level changed from NONE to INFO.</msg>
<status status="PASS" starttime="20200915 17:05:43.766" endtime="20200915 17:05:43.836"></status>
</kw>
<kw name="Click Element" library="Selenium2Library">
<doc>Click the element identified by ``locator``.</doc>
<arguments>
<arg>${login_btn}</arg>
</arguments>
<msg timestamp="20200915 17:05:43.836" level="INFO">Clicking element 'css:#root &gt; div &gt; div &gt; div.card &gt; div &gt; div.row &gt; div &gt; button'.</msg>
<status status="PASS" starttime="20200915 17:05:43.836" endtime="20200915 17:05:43.880"></status>
</kw>
<status status="PASS" starttime="20200915 17:05:43.680" endtime="20200915 17:05:43.880"></status>
</kw>
<kw name="AND The url must be &quot;http://localhost/upload&quot;">
<kw name="Wait Until Location Is" library="Selenium2Library">
<doc>Waits until the current URL is ``expected``.</doc>
<arguments>
<arg>${text}</arg>
<arg>5</arg>
</arguments>
<status status="PASS" starttime="20200915 17:05:43.881" endtime="20200915 17:05:44.095"></status>
</kw>
<status status="PASS" starttime="20200915 17:05:43.881" endtime="20200915 17:05:44.095"></status>
</kw>
<kw name="AND Select menu">
<kw name="Execute Javascript" library="Selenium2Library">
<doc>Executes the given JavaScript code with possible arguments.</doc>
<arguments>
<arg>window.location.replace("/log")</arg>
</arguments>
<msg timestamp="20200915 17:05:44.096" level="INFO">Executing JavaScript:
window.location.replace("/log")
Without any arguments.</msg>
<status status="PASS" starttime="20200915 17:05:44.096" endtime="20200915 17:05:44.211"></status>
</kw>
<status status="PASS" starttime="20200915 17:05:44.096" endtime="20200915 17:05:44.212"></status>
</kw>
<kw name="AND The url must be &quot;http://localhost/log&quot;">
<kw name="Wait Until Location Is" library="Selenium2Library">
<doc>Waits until the current URL is ``expected``.</doc>
<arguments>
<arg>${text}</arg>
<arg>5</arg>
</arguments>
<status status="PASS" starttime="20200915 17:05:44.214" endtime="20200915 17:05:44.235"></status>
</kw>
<status status="PASS" starttime="20200915 17:05:44.213" endtime="20200915 17:05:44.235"></status>
</kw>
<kw name="AND Wait &quot;1&quot;">
<kw name="Sleep" library="BuiltIn">
<doc>Pauses the test executed for the given time.</doc>
<arguments>
<arg>${sec}</arg>
</arguments>
<msg timestamp="20200915 17:05:45.237" level="INFO">Slept 1 second</msg>
<status status="PASS" starttime="20200915 17:05:44.236" endtime="20200915 17:05:45.237"></status>
</kw>
<status status="PASS" starttime="20200915 17:05:44.236" endtime="20200915 17:05:45.237"></status>
</kw>
<kw name="AND Click radio type &quot;user&quot;">
<kw name="Run Keyword If" library="BuiltIn">
<doc>Runs the given keyword with the given arguments, if ``condition`` is true.</doc>
<arguments>
<arg>'${opt}' == 'all'</arg>
<arg>Click Element</arg>
<arg>${all_radio}</arg>
</arguments>
<status status="PASS" starttime="20200915 17:05:45.238" endtime="20200915 17:05:45.239"></status>
</kw>
<kw name="Run Keyword If" library="BuiltIn">
<doc>Runs the given keyword with the given arguments, if ``condition`` is true.</doc>
<arguments>
<arg>'${opt}' == 'user'</arg>
<arg>Click Element</arg>
<arg>${user_radio}</arg>
</arguments>
<kw name="Click Element" library="Selenium2Library">
<doc>Click the element identified by ``locator``.</doc>
<arguments>
<arg>${user_radio}</arg>
</arguments>
<msg timestamp="20200915 17:05:45.239" level="INFO">Clicking element 'css:#root &gt; div.content-wrapper.h-100 &gt; section.content &gt; div &gt; div.card.card-primary &gt; div.card-body.pb-0 &gt; form &gt; div &gt; div:nth-child(2) &gt; div &gt; div &gt; div:nth-child(2) &gt; label'.</msg>
<status status="PASS" starttime="20200915 17:05:45.239" endtime="20200915 17:05:45.309"></status>
</kw>
<status status="PASS" starttime="20200915 17:05:45.239" endtime="20200915 17:05:45.309"></status>
</kw>
<kw name="Run Keyword If" library="BuiltIn">
<doc>Runs the given keyword with the given arguments, if ``condition`` is true.</doc>
<arguments>
<arg>'${opt}' == 'system'</arg>
<arg>Click Element</arg>
<arg>${system_radio}</arg>
</arguments>
<status status="PASS" starttime="20200915 17:05:45.309" endtime="20200915 17:05:45.310"></status>
</kw>
<status status="PASS" starttime="20200915 17:05:45.238" endtime="20200915 17:05:45.310"></status>
</kw>
<kw name="THEN The alert must say &quot;Get logs successfully.&quot;">
<kw name="Wait Until Page Contains" library="Selenium2Library">
<doc>Waits until ``text`` appears on the current page.</doc>
<arguments>
<arg>${text}</arg>
<arg>5</arg>
</arguments>
<status status="PASS" starttime="20200915 17:05:45.312" endtime="20200915 17:05:45.354"></status>
</kw>
<status status="PASS" starttime="20200915 17:05:45.312" endtime="20200915 17:05:45.354"></status>
</kw>
<kw name="AND Wait &quot;1&quot;">
<kw name="Sleep" library="BuiltIn">
<doc>Pauses the test executed for the given time.</doc>
<arguments>
<arg>${sec}</arg>
</arguments>
<msg timestamp="20200915 17:05:46.357" level="INFO">Slept 1 second</msg>
<status status="PASS" starttime="20200915 17:05:45.356" endtime="20200915 17:05:46.357"></status>
</kw>
<status status="PASS" starttime="20200915 17:05:45.355" endtime="20200915 17:05:46.357"></status>
</kw>
<kw name="Close Browser" library="Selenium2Library" type="teardown">
<doc>Closes the current browser.</doc>
<status status="PASS" starttime="20200915 17:05:46.358" endtime="20200915 17:05:48.479"></status>
</kw>
<doc>เลือกประเภทการแสดงผลแบบเฉพาะการกระทำของผู้ใช้งาน</doc>
<tags>
<tag>Positive</tag>
</tags>
<status status="PASS" starttime="20200915 17:05:40.185" endtime="20200915 17:05:48.480" critical="yes"></status>
</test>
<status status="PASS" starttime="20200915 17:05:23.304" endtime="20200915 17:05:48.487"></status>
</suite>
<statistics>
<total>
<stat pass="3" fail="0">Critical Tests</stat>
<stat pass="3" fail="0">All Tests</stat>
</total>
<tag>
<stat pass="3" fail="0">Positive</stat>
</tag>
<suite>
<stat pass="3" fail="0" id="s1" name="DPML-05-2 เลือกประเภทการแสดงผลแบบตามผู้กระทำต่อระบบ">DPML-05-2 เลือกประเภทการแสดงผลแบบตามผู้กระทำต่อระบบ</stat>
</suite>
</statistics>
<errors>
</errors>
</robot>
