<?xml version="1.0" encoding="UTF-8"?>
<robot generator="Robot 3.2.2 (Python 3.8.3 on win32)" generated="20200915 17:01:39.795" rpa="false">
<suite id="s1" name="DPML-04-3 ลบข้อมูลต้นแบบของวัตถุอ้างอิง" source="C:\Users\First-AP\Desktop\Homework\4th Year\CSI_project\เอกสารการทดสอบระบบ\Automate_test\DPML-04\DPML-04-3\DPML-04-3_ลบข้อมูลต้นแบบของวัตถุอ้างอิง.robot">
<test id="s1-t1" name="DPML-04-3-1">
<kw name="GIVEN open web">
<kw name="Open Browser" library="Selenium2Library">
<doc>Opens a new browser instance to the optional ``url``.</doc>
<arguments>
<arg>${dpml_url}</arg>
<arg>chrome</arg>
</arguments>
<msg timestamp="20200915 17:01:39.983" level="INFO">Opening browser 'chrome' to base url 'http://localhost'.</msg>
<status status="PASS" starttime="20200915 17:01:39.983" endtime="20200915 17:01:43.523"></status>
</kw>
<status status="PASS" starttime="20200915 17:01:39.983" endtime="20200915 17:01:43.523"></status>
</kw>
<kw name="WHEN login &quot;admin&quot; &quot;123123&quot;">
<kw name="Input Text" library="Selenium2Library">
<doc>Types the given ``text`` into the text field identified by ``locator``.</doc>
<arguments>
<arg>${input_username}</arg>
<arg>${username}</arg>
</arguments>
<msg timestamp="20200915 17:01:43.525" level="INFO">Typing text 'admin' into text field 'css:#root &gt; div &gt; div &gt; div.card &gt; div &gt; div:nth-child(2) &gt; input'.</msg>
<status status="PASS" starttime="20200915 17:01:43.525" endtime="20200915 17:01:43.615"></status>
</kw>
<kw name="Input Password" library="Selenium2Library">
<doc>Types the given password into the text field identified by ``locator``.</doc>
<arguments>
<arg>${input_password}</arg>
<arg>${password}</arg>
</arguments>
<msg timestamp="20200915 17:01:43.615" level="INFO">Typing password into text field 'css:#root &gt; div &gt; div &gt; div.card &gt; div &gt; div:nth-child(3) &gt; input'.</msg>
<msg timestamp="20200915 17:01:43.650" level="INFO">Temporally setting log level to: NONE</msg>
<msg timestamp="20200915 17:01:43.688" level="INFO">Log level changed from NONE to INFO.</msg>
<status status="PASS" starttime="20200915 17:01:43.615" endtime="20200915 17:01:43.688"></status>
</kw>
<kw name="Click Element" library="Selenium2Library">
<doc>Click the element identified by ``locator``.</doc>
<arguments>
<arg>${login_btn}</arg>
</arguments>
<msg timestamp="20200915 17:01:43.688" level="INFO">Clicking element 'css:#root &gt; div &gt; div &gt; div.card &gt; div &gt; div.row &gt; div &gt; button'.</msg>
<status status="PASS" starttime="20200915 17:01:43.688" endtime="20200915 17:01:43.729"></status>
</kw>
<status status="PASS" starttime="20200915 17:01:43.525" endtime="20200915 17:01:43.729"></status>
</kw>
<kw name="AND The url must be &quot;http://localhost/upload&quot;">
<kw name="Wait Until Location Is" library="Selenium2Library">
<doc>Waits until the current URL is ``expected``.</doc>
<arguments>
<arg>${text}</arg>
<arg>5</arg>
</arguments>
<status status="PASS" starttime="20200915 17:01:43.730" endtime="20200915 17:01:43.943"></status>
</kw>
<status status="PASS" starttime="20200915 17:01:43.730" endtime="20200915 17:01:43.943"></status>
</kw>
<kw name="AND select menu">
<kw name="Execute Javascript" library="Selenium2Library">
<doc>Executes the given JavaScript code with possible arguments.</doc>
<arguments>
<arg>window.location.replace("/ref_management")</arg>
</arguments>
<msg timestamp="20200915 17:01:43.945" level="INFO">Executing JavaScript:
window.location.replace("/ref_management")
Without any arguments.</msg>
<status status="PASS" starttime="20200915 17:01:43.945" endtime="20200915 17:01:44.097"></status>
</kw>
<status status="PASS" starttime="20200915 17:01:43.944" endtime="20200915 17:01:44.097"></status>
</kw>
<kw name="AND The url must be &quot;http://localhost/ref_management&quot;">
<kw name="Wait Until Location Is" library="Selenium2Library">
<doc>Waits until the current URL is ``expected``.</doc>
<arguments>
<arg>${text}</arg>
<arg>5</arg>
</arguments>
<status status="PASS" starttime="20200915 17:01:44.099" endtime="20200915 17:01:44.104"></status>
</kw>
<status status="PASS" starttime="20200915 17:01:44.098" endtime="20200915 17:01:44.105"></status>
</kw>
<kw name="AND Wait &quot;1&quot;">
<kw name="Sleep" library="BuiltIn">
<doc>Pauses the test executed for the given time.</doc>
<arguments>
<arg>${sec}</arg>
</arguments>
<msg timestamp="20200915 17:01:45.107" level="INFO">Slept 1 second</msg>
<status status="PASS" starttime="20200915 17:01:44.106" endtime="20200915 17:01:45.107"></status>
</kw>
<status status="PASS" starttime="20200915 17:01:44.106" endtime="20200915 17:01:45.107"></status>
</kw>
<kw name="AND Open modal">
<kw name="Click Element" library="Selenium2Library">
<doc>Click the element identified by ``locator``.</doc>
<arguments>
<arg>${open_delete_modal}</arg>
</arguments>
<msg timestamp="20200915 17:01:45.109" level="INFO">Clicking element 'css:#DataTables_Table_0 &gt; tbody &gt; tr:nth-child(2) &gt; td.d-flex.justify-content-center &gt; div &gt; button.btn.btn-danger.btn-sm'.</msg>
<status status="PASS" starttime="20200915 17:01:45.108" endtime="20200915 17:01:45.178"></status>
</kw>
<status status="PASS" starttime="20200915 17:01:45.108" endtime="20200915 17:01:45.179"></status>
</kw>
<kw name="AND Wait &quot;1&quot;">
<kw name="Sleep" library="BuiltIn">
<doc>Pauses the test executed for the given time.</doc>
<arguments>
<arg>${sec}</arg>
</arguments>
<msg timestamp="20200915 17:01:46.182" level="INFO">Slept 1 second</msg>
<status status="PASS" starttime="20200915 17:01:45.181" endtime="20200915 17:01:46.182"></status>
</kw>
<status status="PASS" starttime="20200915 17:01:45.180" endtime="20200915 17:01:46.182"></status>
</kw>
<kw name="AND Click delete button">
<kw name="Click Element" library="Selenium2Library">
<doc>Click the element identified by ``locator``.</doc>
<arguments>
<arg>${delete_model_btn}</arg>
</arguments>
<msg timestamp="20200915 17:01:46.183" level="INFO">Clicking element 'css:body &gt; div.swal2-container.swal2-center.swal2-backdrop-show &gt; div &gt; div.swal2-actions &gt; button.swal2-confirm.swal2-styled'.</msg>
<status status="PASS" starttime="20200915 17:01:46.183" endtime="20200915 17:01:46.231"></status>
</kw>
<status status="PASS" starttime="20200915 17:01:46.183" endtime="20200915 17:01:46.231"></status>
</kw>
<kw name="AND Wait &quot;1&quot;">
<kw name="Sleep" library="BuiltIn">
<doc>Pauses the test executed for the given time.</doc>
<arguments>
<arg>${sec}</arg>
</arguments>
<msg timestamp="20200915 17:01:47.235" level="INFO">Slept 1 second</msg>
<status status="PASS" starttime="20200915 17:01:46.233" endtime="20200915 17:01:47.235"></status>
</kw>
<status status="PASS" starttime="20200915 17:01:46.233" endtime="20200915 17:01:47.235"></status>
</kw>
<kw name="AND The alert must say &quot;The model has been deleted.&quot;">
<kw name="Wait Until Page Contains" library="Selenium2Library">
<doc>Waits until ``text`` appears on the current page.</doc>
<arguments>
<arg>${text}</arg>
<arg>30</arg>
</arguments>
<status status="PASS" starttime="20200915 17:01:47.236" endtime="20200915 17:01:47.248"></status>
</kw>
<status status="PASS" starttime="20200915 17:01:47.236" endtime="20200915 17:01:47.248"></status>
</kw>
<kw name="AND Click delete button">
<kw name="Click Element" library="Selenium2Library">
<doc>Click the element identified by ``locator``.</doc>
<arguments>
<arg>${delete_model_btn}</arg>
</arguments>
<msg timestamp="20200915 17:01:47.249" level="INFO">Clicking element 'css:body &gt; div.swal2-container.swal2-center.swal2-backdrop-show &gt; div &gt; div.swal2-actions &gt; button.swal2-confirm.swal2-styled'.</msg>
<status status="PASS" starttime="20200915 17:01:47.249" endtime="20200915 17:01:47.285"></status>
</kw>
<status status="PASS" starttime="20200915 17:01:47.249" endtime="20200915 17:01:47.285"></status>
</kw>
<kw name="THEN Wait &quot;1&quot;">
<kw name="Sleep" library="BuiltIn">
<doc>Pauses the test executed for the given time.</doc>
<arguments>
<arg>${sec}</arg>
</arguments>
<msg timestamp="20200915 17:01:48.288" level="INFO">Slept 1 second</msg>
<status status="PASS" starttime="20200915 17:01:47.286" endtime="20200915 17:01:48.288"></status>
</kw>
<status status="PASS" starttime="20200915 17:01:47.286" endtime="20200915 17:01:48.288"></status>
</kw>
<kw name="Close Browser" library="Selenium2Library" type="teardown">
<doc>Closes the current browser.</doc>
<status status="PASS" starttime="20200915 17:01:48.289" endtime="20200915 17:01:50.427"></status>
</kw>
<doc>กดปุ่มลบข้อมูลต้นแบบของวัตถุอ้างอิง</doc>
<tags>
<tag>Positive</tag>
</tags>
<status status="PASS" starttime="20200915 17:01:39.981" endtime="20200915 17:01:50.427" critical="yes"></status>
</test>
<test id="s1-t2" name="DPML-04-3-2">
<kw name="GIVEN open web">
<kw name="Open Browser" library="Selenium2Library">
<doc>Opens a new browser instance to the optional ``url``.</doc>
<arguments>
<arg>${dpml_url}</arg>
<arg>chrome</arg>
</arguments>
<msg timestamp="20200915 17:01:50.437" level="INFO">Opening browser 'chrome' to base url 'http://localhost'.</msg>
<status status="PASS" starttime="20200915 17:01:50.437" endtime="20200915 17:01:53.978"></status>
</kw>
<status status="PASS" starttime="20200915 17:01:50.437" endtime="20200915 17:01:53.978"></status>
</kw>
<kw name="WHEN login &quot;admin&quot; &quot;123123&quot;">
<kw name="Input Text" library="Selenium2Library">
<doc>Types the given ``text`` into the text field identified by ``locator``.</doc>
<arguments>
<arg>${input_username}</arg>
<arg>${username}</arg>
</arguments>
<msg timestamp="20200915 17:01:53.980" level="INFO">Typing text 'admin' into text field 'css:#root &gt; div &gt; div &gt; div.card &gt; div &gt; div:nth-child(2) &gt; input'.</msg>
<status status="PASS" starttime="20200915 17:01:53.979" endtime="20200915 17:01:54.071"></status>
</kw>
<kw name="Input Password" library="Selenium2Library">
<doc>Types the given password into the text field identified by ``locator``.</doc>
<arguments>
<arg>${input_password}</arg>
<arg>${password}</arg>
</arguments>
<msg timestamp="20200915 17:01:54.071" level="INFO">Typing password into text field 'css:#root &gt; div &gt; div &gt; div.card &gt; div &gt; div:nth-child(3) &gt; input'.</msg>
<msg timestamp="20200915 17:01:54.106" level="INFO">Temporally setting log level to: NONE</msg>
<msg timestamp="20200915 17:01:54.145" level="INFO">Log level changed from NONE to INFO.</msg>
<status status="PASS" starttime="20200915 17:01:54.071" endtime="20200915 17:01:54.145"></status>
</kw>
<kw name="Click Element" library="Selenium2Library">
<doc>Click the element identified by ``locator``.</doc>
<arguments>
<arg>${login_btn}</arg>
</arguments>
<msg timestamp="20200915 17:01:54.145" level="INFO">Clicking element 'css:#root &gt; div &gt; div &gt; div.card &gt; div &gt; div.row &gt; div &gt; button'.</msg>
<status status="PASS" starttime="20200915 17:01:54.145" endtime="20200915 17:01:54.188"></status>
</kw>
<status status="PASS" starttime="20200915 17:01:53.979" endtime="20200915 17:01:54.189"></status>
</kw>
<kw name="AND The url must be &quot;http://localhost/upload&quot;">
<kw name="Wait Until Location Is" library="Selenium2Library">
<doc>Waits until the current URL is ``expected``.</doc>
<arguments>
<arg>${text}</arg>
<arg>5</arg>
</arguments>
<status status="PASS" starttime="20200915 17:01:54.191" endtime="20200915 17:01:54.404"></status>
</kw>
<status status="PASS" starttime="20200915 17:01:54.190" endtime="20200915 17:01:54.404"></status>
</kw>
<kw name="AND select menu">
<kw name="Execute Javascript" library="Selenium2Library">
<doc>Executes the given JavaScript code with possible arguments.</doc>
<arguments>
<arg>window.location.replace("/ref_management")</arg>
</arguments>
<msg timestamp="20200915 17:01:54.405" level="INFO">Executing JavaScript:
window.location.replace("/ref_management")
Without any arguments.</msg>
<status status="PASS" starttime="20200915 17:01:54.405" endtime="20200915 17:01:54.525"></status>
</kw>
<status status="PASS" starttime="20200915 17:01:54.405" endtime="20200915 17:01:54.525"></status>
</kw>
<kw name="AND The url must be &quot;http://localhost/ref_management&quot;">
<kw name="Wait Until Location Is" library="Selenium2Library">
<doc>Waits until the current URL is ``expected``.</doc>
<arguments>
<arg>${text}</arg>
<arg>5</arg>
</arguments>
<status status="PASS" starttime="20200915 17:01:54.527" endtime="20200915 17:01:54.535"></status>
</kw>
<status status="PASS" starttime="20200915 17:01:54.526" endtime="20200915 17:01:54.536"></status>
</kw>
<kw name="AND Wait &quot;1&quot;">
<kw name="Sleep" library="BuiltIn">
<doc>Pauses the test executed for the given time.</doc>
<arguments>
<arg>${sec}</arg>
</arguments>
<msg timestamp="20200915 17:01:55.541" level="INFO">Slept 1 second</msg>
<status status="PASS" starttime="20200915 17:01:54.539" endtime="20200915 17:01:55.541"></status>
</kw>
<status status="PASS" starttime="20200915 17:01:54.539" endtime="20200915 17:01:55.541"></status>
</kw>
<kw name="AND Open modal button should be disabled">
<kw name="Element Should Be Disabled" library="Selenium2Library">
<doc>Verifies that element identified by ``locator`` is disabled.</doc>
<arguments>
<arg>${open_delete_modal_active}</arg>
</arguments>
<status status="PASS" starttime="20200915 17:01:55.541" endtime="20200915 17:01:55.563"></status>
</kw>
<status status="PASS" starttime="20200915 17:01:55.541" endtime="20200915 17:01:55.563"></status>
</kw>
<kw name="THEN Wait &quot;1&quot;">
<kw name="Sleep" library="BuiltIn">
<doc>Pauses the test executed for the given time.</doc>
<arguments>
<arg>${sec}</arg>
</arguments>
<msg timestamp="20200915 17:01:56.565" level="INFO">Slept 1 second</msg>
<status status="PASS" starttime="20200915 17:01:55.563" endtime="20200915 17:01:56.565"></status>
</kw>
<status status="PASS" starttime="20200915 17:01:55.563" endtime="20200915 17:01:56.565"></status>
</kw>
<kw name="Close Browser" library="Selenium2Library" type="teardown">
<doc>Closes the current browser.</doc>
<status status="PASS" starttime="20200915 17:01:56.566" endtime="20200915 17:01:58.689"></status>
</kw>
<doc>กดปุ่มลบข้อมูลต้นแบบของวัตถุอ้างอิงที่มีสถานะเปิดใช้งาน</doc>
<tags>
<tag>Positive</tag>
</tags>
<status status="PASS" starttime="20200915 17:01:50.435" endtime="20200915 17:01:58.689" critical="yes"></status>
</test>
<status status="PASS" starttime="20200915 17:01:39.797" endtime="20200915 17:01:58.695"></status>
</suite>
<statistics>
<total>
<stat pass="2" fail="0">Critical Tests</stat>
<stat pass="2" fail="0">All Tests</stat>
</total>
<tag>
<stat pass="2" fail="0">Positive</stat>
</tag>
<suite>
<stat pass="2" fail="0" id="s1" name="DPML-04-3 ลบข้อมูลต้นแบบของวัตถุอ้างอิง">DPML-04-3 ลบข้อมูลต้นแบบของวัตถุอ้างอิง</stat>
</suite>
</statistics>
<errors>
</errors>
</robot>
